<?xml version="1.0" encoding="UTF-8"?>
<coverage generated="1653222585298" clover="3.2.0">
  <project timestamp="1653222585298" name="All files">
    <metrics statements="85" coveredstatements="84" conditionals="40" coveredconditionals="36" methods="6" coveredmethods="6" elements="131" coveredelements="126" complexity="0" loc="85" ncloc="85" packages="4" files="6" classes="6"/>
    <package name="__fixtures__">
      <metrics statements="2" coveredstatements="2" conditionals="0" coveredconditionals="0" methods="0" coveredmethods="0"/>
      <file name="expressions.ts" path="/Users/mltsk/Projects/calculator/__fixtures__/expressions.ts">
        <metrics statements="1" coveredstatements="1" conditionals="0" coveredconditionals="0" methods="0" coveredmethods="0"/>
        <line num="1" count="1" type="stmt"/>
      </file>
      <file name="numbers.ts" path="/Users/mltsk/Projects/calculator/__fixtures__/numbers.ts">
        <metrics statements="1" coveredstatements="1" conditionals="0" coveredconditionals="0" methods="0" coveredmethods="0"/>
        <line num="1" count="1" type="stmt"/>
      </file>
    </package>
    <package name="src">
      <metrics statements="70" coveredstatements="69" conditionals="38" coveredconditionals="34" methods="5" coveredmethods="5"/>
      <file name="calculate.ts" path="/Users/mltsk/Projects/calculator/src/calculate.ts">
        <metrics statements="50" coveredstatements="49" conditionals="27" coveredconditionals="24" methods="4" coveredmethods="4"/>
        <line num="3" count="85" type="stmt"/>
        <line num="5" count="1" type="stmt"/>
        <line num="6" count="28" type="stmt"/>
        <line num="7" count="28" type="stmt"/>
        <line num="8" count="28" type="stmt"/>
        <line num="10" count="28" type="cond" truecount="6" falsecount="1"/>
        <line num="12" count="5" type="stmt"/>
        <line num="14" count="5" type="stmt"/>
        <line num="16" count="12" type="stmt"/>
        <line num="18" count="1" type="stmt"/>
        <line num="20" count="2" type="stmt"/>
        <line num="22" count="3" type="stmt"/>
        <line num="24" count="0" type="stmt"/>
        <line num="28" count="1" type="stmt"/>
        <line num="33" count="28" type="stmt"/>
        <line num="34" count="28" type="cond" truecount="2" falsecount="0"/>
        <line num="35" count="23" type="stmt"/>
        <line num="37" count="28" type="stmt"/>
        <line num="38" count="28" type="stmt"/>
        <line num="41" count="1" type="stmt"/>
        <line num="42" count="6" type="stmt"/>
        <line num="43" count="6" type="stmt"/>
        <line num="45" count="6" type="stmt"/>
        <line num="46" count="73" type="stmt"/>
        <line num="48" count="73" type="cond" truecount="2" falsecount="0"/>
        <line num="49" count="8" type="stmt"/>
        <line num="50" count="65" type="cond" truecount="2" falsecount="0"/>
        <line num="51" count="8" type="stmt"/>
        <line num="52" count="10" type="stmt"/>
        <line num="53" count="10" type="stmt"/>
        <line num="55" count="8" type="stmt"/>
        <line num="56" count="57" type="cond" truecount="2" falsecount="0"/>
        <line num="57" count="29" type="stmt"/>
        <line num="58" count="28" type="cond" truecount="1" falsecount="1"/>
        <line num="59" count="28" type="cond" truecount="2" falsecount="0"/>
        <line num="60" count="5" type="stmt"/>
        <line num="61" count="23" type="cond" truecount="2" falsecount="0"/>
        <line num="62" count="8" type="stmt"/>
        <line num="63" count="15" type="cond" truecount="2" falsecount="0"/>
        <line num="64" count="6" type="stmt"/>
        <line num="65" count="9" type="cond" truecount="1" falsecount="1"/>
        <line num="66" count="9" type="stmt"/>
        <line num="67" count="11" type="stmt"/>
        <line num="68" count="11" type="stmt"/>
        <line num="70" count="9" type="stmt"/>
        <line num="74" count="73" type="cond" truecount="2" falsecount="0"/>
        <line num="75" count="6" type="stmt"/>
        <line num="76" count="7" type="stmt"/>
        <line num="77" count="7" type="stmt"/>
        <line num="82" count="6" type="stmt"/>
      </file>
      <file name="parser.ts" path="/Users/mltsk/Projects/calculator/src/parser.ts">
        <metrics statements="20" coveredstatements="20" conditionals="11" coveredconditionals="10" methods="1" coveredmethods="1"/>
        <line num="9" count="1" type="stmt"/>
        <line num="10" count="6" type="stmt"/>
        <line num="11" count="6" type="stmt"/>
        <line num="13" count="6" type="stmt"/>
        <line num="14" count="73" type="stmt"/>
        <line num="15" count="73" type="stmt"/>
        <line num="17" count="73" type="cond" truecount="2" falsecount="0"/>
        <line num="22" count="23" type="stmt"/>
        <line num="23" count="50" type="cond" truecount="2" falsecount="0"/>
        <line num="24" count="5" type="stmt"/>
        <line num="25" count="45" type="cond" truecount="2" falsecount="0"/>
        <line num="26" count="16" type="stmt"/>
        <line num="27" count="29" type="cond" truecount="1" falsecount="1"/>
        <line num="28" count="29" type="stmt"/>
        <line num="29" count="29" type="stmt"/>
        <line num="30" count="59" type="stmt"/>
        <line num="31" count="59" type="stmt"/>
        <line num="33" count="29" type="stmt"/>
        <line num="34" count="29" type="stmt"/>
        <line num="38" count="6" type="stmt"/>
      </file>
    </package>
    <package name="src.constants">
      <metrics statements="8" coveredstatements="8" conditionals="0" coveredconditionals="0" methods="0" coveredmethods="0"/>
      <file name="constants.ts" path="/Users/mltsk/Projects/calculator/src/constants/constants.ts">
        <metrics statements="8" coveredstatements="8" conditionals="0" coveredconditionals="0" methods="0" coveredmethods="0"/>
        <line num="1" count="1" type="stmt"/>
        <line num="2" count="1" type="stmt"/>
        <line num="3" count="1" type="stmt"/>
        <line num="4" count="1" type="stmt"/>
        <line num="5" count="1" type="stmt"/>
        <line num="18" count="1" type="stmt"/>
        <line num="19" count="1" type="stmt"/>
        <line num="25" count="1" type="stmt"/>
      </file>
    </package>
    <package name="src.helpers">
      <metrics statements="5" coveredstatements="5" conditionals="2" coveredconditionals="2" methods="1" coveredmethods="1"/>
      <file name="formatNumber.ts" path="/Users/mltsk/Projects/calculator/src/helpers/formatNumber.ts">
        <metrics statements="5" coveredstatements="5" conditionals="2" coveredconditionals="2" methods="1" coveredmethods="1"/>
        <line num="1" count="1" type="stmt"/>
        <line num="2" count="8" type="stmt"/>
        <line num="3" count="8" type="cond" truecount="2" falsecount="0"/>
        <line num="4" count="4" type="stmt"/>
        <line num="6" count="4" type="stmt"/>
      </file>
    </package>
  </project>
</coverage>
