{"/Users/mltsk/Projects/calculator/__fixtures__/expressions.ts": {"path":"/Users/mltsk/Projects/calculator/__fixtures__/expressions.ts","statementMap":{"0":{"start":{"line":1,"column":20},"end":{"line":77,"column":1}}},"fnMap":{},"branchMap":{},"s":{"0":1},"f":{},"b":{},"_coverageSchema":"1a1c01bbd47fc00a2c39e90264f33305004495a9","hash":"e77533a724ff731b45d1ec38f15cad884b8c38b0"}
,"/Users/mltsk/Projects/calculator/__fixtures__/numbers.ts": {"path":"/Users/mltsk/Projects/calculator/__fixtures__/numbers.ts","statementMap":{"0":{"start":{"line":1,"column":16},"end":{"line":10,"column":1}}},"fnMap":{},"branchMap":{},"s":{"0":1},"f":{},"b":{},"_coverageSchema":"1a1c01bbd47fc00a2c39e90264f33305004495a9","hash":"85b5de7f5aa5a09e581dc15616bb367f208559b2"}
,"/Users/mltsk/Projects/calculator/src/calculate.ts": {"path":"/Users/mltsk/Projects/calculator/src/calculate.ts","statementMap":{"0":{"start":{"line":3,"column":16},"end":{"line":3,"column":51}},"1":{"start":{"line":3,"column":32},"end":{"line":3,"column":51}},"2":{"start":{"line":5,"column":25},"end":{"line":26,"column":1}},"3":{"start":{"line":6,"column":19},"end":{"line":6,"column":58}},"4":{"start":{"line":7,"column":22},"end":{"line":7,"column":67}},"5":{"start":{"line":8,"column":23},"end":{"line":8,"column":68}},"6":{"start":{"line":10,"column":2},"end":{"line":25,"column":3}},"7":{"start":{"line":12,"column":6},"end":{"line":12,"column":40}},"8":{"start":{"line":14,"column":6},"end":{"line":14,"column":40}},"9":{"start":{"line":16,"column":6},"end":{"line":16,"column":40}},"10":{"start":{"line":18,"column":6},"end":{"line":18,"column":40}},"11":{"start":{"line":20,"column":6},"end":{"line":20,"column":32}},"12":{"start":{"line":22,"column":6},"end":{"line":22,"column":37}},"13":{"start":{"line":24,"column":6},"end":{"line":24,"column":51}},"14":{"start":{"line":28,"column":18},"end":{"line":39,"column":1}},"15":{"start":{"line":33,"column":19},"end":{"line":33,"column":38}},"16":{"start":{"line":34,"column":2},"end":{"line":36,"column":3}},"17":{"start":{"line":35,"column":4},"end":{"line":35,"column":23}},"18":{"start":{"line":37,"column":2},"end":{"line":37,"column":21}},"19":{"start":{"line":38,"column":2},"end":{"line":38,"column":28}},"20":{"start":{"line":41,"column":18},"end":{"line":83,"column":1}},"21":{"start":{"line":42,"column":33},"end":{"line":42,"column":35}},"22":{"start":{"line":43,"column":34},"end":{"line":43,"column":36}},"23":{"start":{"line":45,"column":2},"end":{"line":80,"column":3}},"24":{"start":{"line":45,"column":15},"end":{"line":45,"column":16}},"25":{"start":{"line":46,"column":17},"end":{"line":46,"column":30}},"26":{"start":{"line":48,"column":4},"end":{"line":72,"column":5}},"27":{"start":{"line":49,"column":6},"end":{"line":49,"column":31}},"28":{"start":{"line":50,"column":11},"end":{"line":72,"column":5}},"29":{"start":{"line":51,"column":6},"end":{"line":54,"column":7}},"30":{"start":{"line":52,"column":23},"end":{"line":52,"column":68}},"31":{"start":{"line":53,"column":8},"end":{"line":53,"column":55}},"32":{"start":{"line":55,"column":6},"end":{"line":55,"column":26}},"33":{"start":{"line":56,"column":11},"end":{"line":72,"column":5}},"34":{"start":{"line":57,"column":6},"end":{"line":57,"column":30}},"35":{"start":{"line":58,"column":11},"end":{"line":72,"column":5}},"36":{"start":{"line":59,"column":6},"end":{"line":71,"column":7}},"37":{"start":{"line":60,"column":8},"end":{"line":60,"column":33}},"38":{"start":{"line":61,"column":13},"end":{"line":71,"column":7}},"39":{"start":{"line":62,"column":8},"end":{"line":62,"column":33}},"40":{"start":{"line":63,"column":13},"end":{"line":71,"column":7}},"41":{"start":{"line":64,"column":8},"end":{"line":64,"column":33}},"42":{"start":{"line":65,"column":13},"end":{"line":71,"column":7}},"43":{"start":{"line":66,"column":8},"end":{"line":69,"column":9}},"44":{"start":{"line":67,"column":25},"end":{"line":67,"column":70}},"45":{"start":{"line":68,"column":10},"end":{"line":68,"column":57}},"46":{"start":{"line":70,"column":8},"end":{"line":70,"column":33}},"47":{"start":{"line":74,"column":4},"end":{"line":79,"column":5}},"48":{"start":{"line":75,"column":6},"end":{"line":78,"column":7}},"49":{"start":{"line":76,"column":23},"end":{"line":76,"column":68}},"50":{"start":{"line":77,"column":8},"end":{"line":77,"column":55}},"51":{"start":{"line":82,"column":2},"end":{"line":82,"column":25}}},"fnMap":{"0":{"name":"(anonymous_0)","decl":{"start":{"line":3,"column":16},"end":{"line":3,"column":17}},"loc":{"start":{"line":3,"column":32},"end":{"line":3,"column":51}},"line":3},"1":{"name":"(anonymous_1)","decl":{"start":{"line":5,"column":25},"end":{"line":5,"column":26}},"loc":{"start":{"line":5,"column":78},"end":{"line":26,"column":1}},"line":5},"2":{"name":"(anonymous_2)","decl":{"start":{"line":28,"column":18},"end":{"line":28,"column":19}},"loc":{"start":{"line":32,"column":5},"end":{"line":39,"column":1}},"line":32},"3":{"name":"(anonymous_3)","decl":{"start":{"line":41,"column":18},"end":{"line":41,"column":19}},"loc":{"start":{"line":41,"column":63},"end":{"line":83,"column":1}},"line":41}},"branchMap":{"0":{"loc":{"start":{"line":10,"column":2},"end":{"line":25,"column":3}},"type":"switch","locations":[{"start":{"line":11,"column":4},"end":{"line":12,"column":40}},{"start":{"line":13,"column":4},"end":{"line":14,"column":40}},{"start":{"line":15,"column":4},"end":{"line":16,"column":40}},{"start":{"line":17,"column":4},"end":{"line":18,"column":40}},{"start":{"line":19,"column":4},"end":{"line":20,"column":32}},{"start":{"line":21,"column":4},"end":{"line":22,"column":37}},{"start":{"line":23,"column":4},"end":{"line":24,"column":51}}],"line":10},"1":{"loc":{"start":{"line":34,"column":2},"end":{"line":36,"column":3}},"type":"if","locations":[{"start":{"line":34,"column":2},"end":{"line":36,"column":3}},{"start":{"line":34,"column":2},"end":{"line":36,"column":3}}],"line":34},"2":{"loc":{"start":{"line":48,"column":4},"end":{"line":72,"column":5}},"type":"if","locations":[{"start":{"line":48,"column":4},"end":{"line":72,"column":5}},{"start":{"line":48,"column":4},"end":{"line":72,"column":5}}],"line":48},"3":{"loc":{"start":{"line":50,"column":11},"end":{"line":72,"column":5}},"type":"if","locations":[{"start":{"line":50,"column":11},"end":{"line":72,"column":5}},{"start":{"line":50,"column":11},"end":{"line":72,"column":5}}],"line":50},"4":{"loc":{"start":{"line":56,"column":11},"end":{"line":72,"column":5}},"type":"if","locations":[{"start":{"line":56,"column":11},"end":{"line":72,"column":5}},{"start":{"line":56,"column":11},"end":{"line":72,"column":5}}],"line":56},"5":{"loc":{"start":{"line":58,"column":11},"end":{"line":72,"column":5}},"type":"if","locations":[{"start":{"line":58,"column":11},"end":{"line":72,"column":5}},{"start":{"line":58,"column":11},"end":{"line":72,"column":5}}],"line":58},"6":{"loc":{"start":{"line":59,"column":6},"end":{"line":71,"column":7}},"type":"if","locations":[{"start":{"line":59,"column":6},"end":{"line":71,"column":7}},{"start":{"line":59,"column":6},"end":{"line":71,"column":7}}],"line":59},"7":{"loc":{"start":{"line":61,"column":13},"end":{"line":71,"column":7}},"type":"if","locations":[{"start":{"line":61,"column":13},"end":{"line":71,"column":7}},{"start":{"line":61,"column":13},"end":{"line":71,"column":7}}],"line":61},"8":{"loc":{"start":{"line":63,"column":13},"end":{"line":71,"column":7}},"type":"if","locations":[{"start":{"line":63,"column":13},"end":{"line":71,"column":7}},{"start":{"line":63,"column":13},"end":{"line":71,"column":7}}],"line":63},"9":{"loc":{"start":{"line":65,"column":13},"end":{"line":71,"column":7}},"type":"if","locations":[{"start":{"line":65,"column":13},"end":{"line":71,"column":7}},{"start":{"line":65,"column":13},"end":{"line":71,"column":7}}],"line":65},"10":{"loc":{"start":{"line":74,"column":4},"end":{"line":79,"column":5}},"type":"if","locations":[{"start":{"line":74,"column":4},"end":{"line":79,"column":5}},{"start":{"line":74,"column":4},"end":{"line":79,"column":5}}],"line":74}},"s":{"0":1,"1":85,"2":1,"3":28,"4":28,"5":28,"6":28,"7":5,"8":5,"9":12,"10":1,"11":2,"12":3,"13":0,"14":1,"15":28,"16":28,"17":23,"18":28,"19":28,"20":1,"21":6,"22":6,"23":6,"24":6,"25":73,"26":73,"27":8,"28":65,"29":8,"30":10,"31":10,"32":8,"33":57,"34":29,"35":28,"36":28,"37":5,"38":23,"39":8,"40":15,"41":6,"42":9,"43":9,"44":11,"45":11,"46":9,"47":73,"48":6,"49":7,"50":7,"51":6},"f":{"0":85,"1":28,"2":28,"3":6},"b":{"0":[5,5,12,1,2,3,0],"1":[23,5],"2":[8,65],"3":[8,57],"4":[29,28],"5":[28,0],"6":[5,23],"7":[8,15],"8":[6,9],"9":[9,0],"10":[6,67]},"_coverageSchema":"1a1c01bbd47fc00a2c39e90264f33305004495a9","hash":"feaea5d995028704400cbe00e45bdcbee5938115"}
,"/Users/mltsk/Projects/calculator/src/parser.ts": {"path":"/Users/mltsk/Projects/calculator/src/parser.ts","statementMap":{"0":{"start":{"line":9,"column":15},"end":{"line":39,"column":1}},"1":{"start":{"line":10,"column":26},"end":{"line":10,"column":78}},"2":{"start":{"line":11,"column":17},"end":{"line":11,"column":19}},"3":{"start":{"line":13,"column":2},"end":{"line":36,"column":3}},"4":{"start":{"line":13,"column":15},"end":{"line":13,"column":16}},"5":{"start":{"line":14,"column":21},"end":{"line":14,"column":43}},"6":{"start":{"line":15,"column":17},"end":{"line":15,"column":35}},"7":{"start":{"line":17,"column":4},"end":{"line":35,"column":5}},"8":{"start":{"line":22,"column":6},"end":{"line":22,"column":24}},"9":{"start":{"line":23,"column":11},"end":{"line":35,"column":5}},"10":{"start":{"line":24,"column":6},"end":{"line":24,"column":24}},"11":{"start":{"line":25,"column":11},"end":{"line":35,"column":5}},"12":{"start":{"line":26,"column":6},"end":{"line":26,"column":24}},"13":{"start":{"line":27,"column":11},"end":{"line":35,"column":5}},"14":{"start":{"line":28,"column":19},"end":{"line":28,"column":21}},"15":{"start":{"line":29,"column":6},"end":{"line":32,"column":63}},"16":{"start":{"line":30,"column":8},"end":{"line":30,"column":37}},"17":{"start":{"line":31,"column":8},"end":{"line":31,"column":15}},"18":{"start":{"line":33,"column":6},"end":{"line":33,"column":13}},"19":{"start":{"line":34,"column":6},"end":{"line":34,"column":34}},"20":{"start":{"line":38,"column":2},"end":{"line":38,"column":16}}},"fnMap":{"0":{"name":"(anonymous_0)","decl":{"start":{"line":9,"column":15},"end":{"line":9,"column":16}},"loc":{"start":{"line":9,"column":60},"end":{"line":39,"column":1}},"line":9}},"branchMap":{"0":{"loc":{"start":{"line":17,"column":4},"end":{"line":35,"column":5}},"type":"if","locations":[{"start":{"line":17,"column":4},"end":{"line":35,"column":5}},{"start":{"line":17,"column":4},"end":{"line":35,"column":5}}],"line":17},"1":{"loc":{"start":{"line":18,"column":6},"end":{"line":20,"column":41}},"type":"binary-expr","locations":[{"start":{"line":18,"column":6},"end":{"line":18,"column":36}},{"start":{"line":19,"column":6},"end":{"line":19,"column":14}},{"start":{"line":20,"column":6},"end":{"line":20,"column":41}}],"line":18},"2":{"loc":{"start":{"line":23,"column":11},"end":{"line":35,"column":5}},"type":"if","locations":[{"start":{"line":23,"column":11},"end":{"line":35,"column":5}},{"start":{"line":23,"column":11},"end":{"line":35,"column":5}}],"line":23},"3":{"loc":{"start":{"line":25,"column":11},"end":{"line":35,"column":5}},"type":"if","locations":[{"start":{"line":25,"column":11},"end":{"line":35,"column":5}},{"start":{"line":25,"column":11},"end":{"line":35,"column":5}}],"line":25},"4":{"loc":{"start":{"line":27,"column":11},"end":{"line":35,"column":5}},"type":"if","locations":[{"start":{"line":27,"column":11},"end":{"line":35,"column":5}},{"start":{"line":27,"column":11},"end":{"line":35,"column":5}}],"line":27}},"s":{"0":1,"1":6,"2":6,"3":6,"4":6,"5":73,"6":73,"7":73,"8":23,"9":50,"10":5,"11":45,"12":16,"13":29,"14":29,"15":29,"16":59,"17":59,"18":29,"19":29,"20":6},"f":{"0":6},"b":{"0":[23,50],"1":[73,25,24],"2":[5,45],"3":[16,29],"4":[29,0]},"_coverageSchema":"1a1c01bbd47fc00a2c39e90264f33305004495a9","hash":"8c8c2d4c15691218fd6885dac64f836f974aa08c"}
,"/Users/mltsk/Projects/calculator/src/constants/constants.ts": {"path":"/Users/mltsk/Projects/calculator/src/constants/constants.ts","statementMap":{"0":{"start":{"line":1,"column":20},"end":{"line":1,"column":105}},"1":{"start":{"line":2,"column":31},"end":{"line":2,"column":51}},"2":{"start":{"line":3,"column":30},"end":{"line":3,"column":40}},"3":{"start":{"line":4,"column":28},"end":{"line":4,"column":67}},"4":{"start":{"line":5,"column":33},"end":{"line":17,"column":1}},"5":{"start":{"line":18,"column":34},"end":{"line":18,"column":61}},"6":{"start":{"line":19,"column":23},"end":{"line":19,"column":33}},"7":{"start":{"line":25,"column":35},"end":{"line":32,"column":1}}},"fnMap":{},"branchMap":{},"s":{"0":1,"1":1,"2":1,"3":1,"4":1,"5":1,"6":1,"7":1},"f":{},"b":{},"_coverageSchema":"1a1c01bbd47fc00a2c39e90264f33305004495a9","hash":"cd80a8eaf3fae66a3d368e6026ea80fa77091095"}
,"/Users/mltsk/Projects/calculator/src/helpers/formatNumber.ts": {"path":"/Users/mltsk/Projects/calculator/src/helpers/formatNumber.ts","statementMap":{"0":{"start":{"line":1,"column":21},"end":{"line":7,"column":1}},"1":{"start":{"line":2,"column":31},"end":{"line":2,"column":59}},"2":{"start":{"line":3,"column":2},"end":{"line":5,"column":3}},"3":{"start":{"line":4,"column":4},"end":{"line":4,"column":37}},"4":{"start":{"line":6,"column":2},"end":{"line":6,"column":16}}},"fnMap":{"0":{"name":"(anonymous_0)","decl":{"start":{"line":1,"column":21},"end":{"line":1,"column":22}},"loc":{"start":{"line":1,"column":49},"end":{"line":7,"column":1}},"line":1}},"branchMap":{"0":{"loc":{"start":{"line":3,"column":2},"end":{"line":5,"column":3}},"type":"if","locations":[{"start":{"line":3,"column":2},"end":{"line":5,"column":3}},{"start":{"line":3,"column":2},"end":{"line":5,"column":3}}],"line":3}},"s":{"0":1,"1":8,"2":8,"3":4,"4":4},"f":{"0":8},"b":{"0":[4,4]},"_coverageSchema":"1a1c01bbd47fc00a2c39e90264f33305004495a9","hash":"a2089f30554809ac16ab9096ef8e4bd6a3008844"}
}
