TN:
SF:__fixtures__/expressions.ts
FNF:0
FNH:0
DA:1,1
LF:1
LH:1
BRF:0
BRH:0
end_of_record
TN:
SF:__fixtures__/numbers.ts
FNF:0
FNH:0
DA:1,1
LF:1
LH:1
BRF:0
BRH:0
end_of_record
TN:
SF:src/calculate.ts
FN:3,(anonymous_0)
FN:5,(anonymous_1)
FN:28,(anonymous_2)
FN:41,(anonymous_3)
FNF:4
FNH:4
FNDA:85,(anonymous_0)
FNDA:28,(anonymous_1)
FNDA:28,(anonymous_2)
FNDA:6,(anonymous_3)
DA:3,85
DA:5,1
DA:6,28
DA:7,28
DA:8,28
DA:10,28
DA:12,5
DA:14,5
DA:16,12
DA:18,1
DA:20,2
DA:22,3
DA:24,0
DA:28,1
DA:33,28
DA:34,28
DA:35,23
DA:37,28
DA:38,28
DA:41,1
DA:42,6
DA:43,6
DA:45,6
DA:46,73
DA:48,73
DA:49,8
DA:50,65
DA:51,8
DA:52,10
DA:53,10
DA:55,8
DA:56,57
DA:57,29
DA:58,28
DA:59,28
DA:60,5
DA:61,23
DA:62,8
DA:63,15
DA:64,6
DA:65,9
DA:66,9
DA:67,11
DA:68,11
DA:70,9
DA:74,73
DA:75,6
DA:76,7
DA:77,7
DA:82,6
LF:50
LH:49
BRDA:10,0,0,5
BRDA:10,0,1,5
BRDA:10,0,2,12
BRDA:10,0,3,1
BRDA:10,0,4,2
BRDA:10,0,5,3
BRDA:10,0,6,0
BRDA:34,1,0,23
BRDA:34,1,1,5
BRDA:48,2,0,8
BRDA:48,2,1,65
BRDA:50,3,0,8
BRDA:50,3,1,57
BRDA:56,4,0,29
BRDA:56,4,1,28
BRDA:58,5,0,28
BRDA:58,5,1,0
BRDA:59,6,0,5
BRDA:59,6,1,23
BRDA:61,7,0,8
BRDA:61,7,1,15
BRDA:63,8,0,6
BRDA:63,8,1,9
BRDA:65,9,0,9
BRDA:65,9,1,0
BRDA:74,10,0,6
BRDA:74,10,1,67
BRF:27
BRH:24
end_of_record
TN:
SF:src/parser.ts
FN:9,(anonymous_0)
FNF:1
FNH:1
FNDA:6,(anonymous_0)
DA:9,1
DA:10,6
DA:11,6
DA:13,6
DA:14,73
DA:15,73
DA:17,73
DA:22,23
DA:23,50
DA:24,5
DA:25,45
DA:26,16
DA:27,29
DA:28,29
DA:29,29
DA:30,59
DA:31,59
DA:33,29
DA:34,29
DA:38,6
LF:20
LH:20
BRDA:17,0,0,23
BRDA:17,0,1,50
BRDA:18,1,0,73
BRDA:18,1,1,25
BRDA:18,1,2,24
BRDA:23,2,0,5
BRDA:23,2,1,45
BRDA:25,3,0,16
BRDA:25,3,1,29
BRDA:27,4,0,29
BRDA:27,4,1,0
BRF:11
BRH:10
end_of_record
TN:
SF:src/constants/constants.ts
FNF:0
FNH:0
DA:1,1
DA:2,1
DA:3,1
DA:4,1
DA:5,1
DA:18,1
DA:19,1
DA:25,1
LF:8
LH:8
BRF:0
BRH:0
end_of_record
TN:
SF:src/helpers/formatNumber.ts
FN:1,(anonymous_0)
FNF:1
FNH:1
FNDA:8,(anonymous_0)
DA:1,1
DA:2,8
DA:3,8
DA:4,4
DA:6,4
LF:5
LH:5
BRDA:3,0,0,4
BRDA:3,0,1,4
BRF:2
BRH:2
end_of_record
